[2025-02-28 12:26:34] [VideoDownloader] VideoDownloader initialized. Upload directory: /var/www/html/uploads/videos/
[2025-02-28 12:26:34] [VideoDownloader] Found yt-dlp in vendor directory: /var/www/html/assets/vendor/yt-dlp/yt-dlp
[2025-02-28 12:26:34] [VideoDownloader] Using yt-dlp binary at: /var/www/html/assets/vendor/yt-dlp/yt-dlp
[2025-02-28 12:26:35] [VideoDownloader] Updated status for video ID 49 to 'processing' with message 'Initializing download...'. Result: success
[2025-02-28 12:26:35] [VideoDownloader] Starting download for video ID 49 from URL: https://nl.pornhub.com/view_video.php?viewkey=67655e3602f62
[2025-02-28 12:26:35] [VideoDownloader] Target file path: /var/www/html/uploads/videos/video_67c1ab7b2cbc4.mp4
[2025-02-28 12:26:35] [VideoDownloader] Updated status for video ID 49 to 'processing' with message 'Preparing to download video...'. Result: success
[2025-02-28 12:26:36] [VideoDownloader] Found yt-dlp in vendor directory: /var/www/html/assets/vendor/yt-dlp/yt-dlp
[2025-02-28 12:26:36] [VideoDownloader] Executing direct download command: /var/www/html/assets/vendor/yt-dlp/yt-dlp --format "best[ext=mp4]/best" --max-filesize 500M --output "'/var/www/html/uploads/videos/video_67c1ab7b2cbc4.mp4'" "'https://nl.pornhub.com/view_video.php?viewkey=67655e3602f62'" --no-playlist
[2025-02-28 12:26:36] [VideoDownloader] Updated status for video ID 49 to 'processing' with message 'Running download command...'. Result: success
[2025-02-28 12:26:36] [VideoDownloader] Command output: /usr/bin/env: 'python3': No such file or directory
[2025-02-28 12:26:36] [VideoDownloader] Return value: 127
[2025-02-28 12:26:36] [VideoDownloader] Direct download failed: Command failed with return code 127: /usr/bin/env: 'python3': No such file or directory
[2025-02-28 12:26:36] [VideoDownloader] Direct download failed, trying with YoutubeDl library
[2025-02-28 12:26:37] [VideoDownloader] Updated status for video ID 49 to 'processing' with message 'Downloading video (library method)...'. Result: success
[2025-02-28 12:26:37] [VideoDownloader] Download options set: {"proxy":null,"socket-timeout":null,"source-address":null,"force-ipv4":false,"force-ipv6":false,"geo-verification-proxy":null,"geo-bypass":false,"no-geo-bypass":false,"geo-bypass-country":null,"geo-bypass-ip-block":null,"playlist-start":null,"playlist-end":null,"playlist-items":[],"match-title":null,"reject-title":null,"max-downloads":null,"min-filesize":null,"max-filesize":"500M","date":null,"datebefore":null,"dateafter":null,"min-views":null,"max-views":null,"match-filter":null,"no-playlist":false,"yes-playlist":false,"age-limit":null,"limit-rate":null,"retries":"3","fragment-retries":null,"skip-unavailable-fragments":false,"keep-fragments":false,"buffer-size":null,"no-resize-buffer":false,"http-chunk-size":null,"playlist-reverse":false,"playlist-random":false,"xattr-set-filesize":null,"hls-prefer-native":false,"hls-prefer-ffmpeg":false,"hls-use-mpegts":false,"external-downloader":null,"external-downloader-args":null,"download-sections":null,"concurrent-fragments":null,"batch-file":null,"id":false,"output":"\/var\/www\/html\/uploads\/videos\/video_67c1ab7b2cbc4.mp4","autonumber-start":null,"restrict-filenames":false,"windows-filenames":false,"no-overwrites":false,"continue":true,"no-continue":false,"no-part":false,"no-mtime":false,"write-description":false,"write-annotations":false,"load-info-json":null,"cookies":null,"cache-dir":null,"no-cache-dir":false,"rm-cache-dir":false,"write-thumbnail":false,"write-all-thumbnails":false,"convert-thumbnail":null,"skip-download":false,"verbose":false,"write-pages":false,"print-traffic":false,"call-home":false,"no-call-home":false,"encoding":null,"no-check-certificate":false,"prefer-insecure":false,"user-agent":null,"referer":null,"add-header":[],"sleep-interval":null,"max-sleep-interval":null,"format":"best[ext=mp4]\/best","format-sort":[],"format-sort-force":null,"video-multistreams":null,"audio-multistreams":null,"prefer-free-formats":null,"check-formats":null,"check-all-formats":null,"youtube-skip-dash-manifest":false,"merge-output-format":null,"write-sub":false,"write-auto-sub":false,"all-subs":false,"sub-format":null,"sub-lang":[],"username":null,"password":null,"twofactor":null,"netrc":false,"video-password":null,"ap-mso":null,"ap-username":null,"ap-password":null,"extract-audio":false,"audio-format":null,"audio-quality":null,"remux-video":null,"recode-video":null,"postprocessor-args":null,"keep-video":false,"no-post-overwrites":false,"embed-subs":false,"embed-thumbnail":false,"add-metadata":false,"metadata-from-title":null,"xattrs":false,"prefer-avconv":false,"prefer-ffmpeg":false,"ffmpeg-location":null,"exec":null,"convert-subs-format":null,"force-keyframes-at-cuts":false,"extractor-retries":null,"allow-dynamic-mpd":false,"hls-split-discontinuity":false,"extractor-args":[],"url":[]}
[2025-02-28 12:26:37] [VideoDownloader] Exception: Download failed: Video download completed but no video was returned
[2025-02-28 12:26:38] [VideoDownloader] Updated status for video ID 49 to 'failed' with message 'Download failed: Video download completed but no video was returned'. Result: success
---[2025-02-28 12:43:18] [VideoDownloader] VideoDownloader initialized. Upload directory: /var/www/html/uploads/videos/
[2025-02-28 12:43:19] [VideoDownloader] Found yt-dlp in vendor directory: /var/www/html/assets/vendor/yt-dlp/yt-dlp
[2025-02-28 12:43:19] [VideoDownloader] Using yt-dlp binary at: /var/www/html/assets/vendor/yt-dlp/yt-dlp
[2025-02-28 12:43:19] [VideoDownloader] Updated status for video ID 50 to 'processing' with message 'Initializing download...'. Result: success
[2025-02-28 12:43:19] [VideoDownloader] Starting download for video ID 50 from URL: https://nl.pornhub.com/view_video.php?viewkey=67655e3602f62
[2025-02-28 12:43:19] [VideoDownloader] Target file path: /var/www/html/uploads/videos/video_67c1af674da86.mp4
[2025-02-28 12:43:19] [VideoDownloader] Updated status for video ID 50 to 'processing' with message 'Preparing to download video...'. Result: success
[2025-02-28 12:43:19] [VideoDownloader] Found yt-dlp in vendor directory: /var/www/html/assets/vendor/yt-dlp/yt-dlp
[2025-02-28 12:43:19] [VideoDownloader] Executing direct download command: /var/www/html/assets/vendor/yt-dlp/yt-dlp --format "best[ext=mp4]/best" --max-filesize 500M --output "'/var/www/html/uploads/videos/video_67c1af674da86.mp4'" "'https://nl.pornhub.com/view_video.php?viewkey=67655e3602f62'" --no-playlist
[2025-02-28 12:43:20] [VideoDownloader] Updated status for video ID 50 to 'processing' with message 'Running download command...'. Result: success
[2025-02-28 12:43:20] [VideoDownloader] Command output: /usr/bin/env: 'python3': No such file or directory
[2025-02-28 12:43:20] [VideoDownloader] Return value: 127
[2025-02-28 12:43:20] [VideoDownloader] Direct download failed: Command failed with return code 127: /usr/bin/env: 'python3': No such file or directory
[2025-02-28 12:43:20] [VideoDownloader] Direct download failed: Direct download failed: Command failed with return code 127: /usr/bin/env: 'python3': No such file or directory
[2025-02-28 12:43:20] [VideoDownloader] Creating test file since download failed
[2025-02-28 12:43:20] [VideoDownloader] Created dummy MP4 file at /var/www/html/uploads/videos/video_67c1af674da86.mp4
[2025-02-28 12:43:20] [VideoDownloader] Updated video path for ID 50 to '/uploads/videos/video_67c1af674da86.mp4'. Result: success
[2025-02-28 12:43:20] [VideoDownloader] Updated progress for video ID 50 to 100%. Result: success
[2025-02-28 12:43:20] [VideoDownloader] Updated status for video ID 50 to 'completed' with message 'Download complete (test file created)'. Result: success
[2025-02-28 12:43:20] [VideoDownloader] Added dummy analysis results for video ID 50. Result: success
[2025-02-28 12:48:57] [VideoDownloader] VideoDownloader initialized. Upload directory: /var/www/html/uploads/videos/
[2025-02-28 12:48:58] [VideoDownloader] Found yt-dlp in vendor directory: /var/www/html/assets/vendor/yt-dlp/yt-dlp
[2025-02-28 12:48:58] [VideoDownloader] Using yt-dlp binary at: /var/www/html/assets/vendor/yt-dlp/yt-dlp
[2025-02-28 12:48:59] [VideoDownloader] Updated status for video ID 51 to 'processing' with message 'Initializing download...'. Result: success
[2025-02-28 12:48:59] [VideoDownloader] Starting download for video ID 51 from URL: https://nl.pornhub.com/view_video.php?viewkey=67655e3602f62
[2025-02-28 12:48:59] [VideoDownloader] Target file path: /var/www/html/uploads/videos/video_67c1b0bb1b85a.mp4
[2025-02-28 12:48:59] [VideoDownloader] Python3 check output: sh: 1: python3: not found

[2025-02-28 12:48:59] [VideoDownloader] Python check output: sh: 1: python: not found

[2025-02-28 12:48:59] [VideoDownloader] Python 3 is not available on this system
[2025-02-28 12:48:59] [VideoDownloader] Python 3 is not available, skipping direct download
[2025-02-28 12:48:59] [VideoDownloader] Updated status for video ID 51 to 'processing' with message 'Python 3 not available, using fallback...'. Result: success
[2025-02-28 12:48:59] [VideoDownloader] Created dummy MP4 file at /var/www/html/uploads/videos/video_67c1b0bb1b85a.mp4
[2025-02-28 12:48:59] [VideoDownloader] Updated video path for ID 51 to '/uploads/videos/video_67c1b0bb1b85a.mp4'. Result: success
[2025-02-28 12:48:59] [VideoDownloader] Updated progress for video ID 51 to 100%. Result: success
[2025-02-28 12:48:59] [VideoDownloader] Updated status for video ID 51 to 'completed' with message 'Download skipped (Python 3 not available)'. Result: success
[2025-02-28 12:48:59] [VideoDownloader] Added dummy analysis results for video ID 51. Result: success
-----------------------------------------[2025-02-28 12:52:17] [VideoDownloader] VideoDownloader initialized. Upload directory: /var/www/html/uploads/videos/
[2025-02-28 12:52:18] [VideoDownloader] Found yt-dlp in vendor directory: /var/www/html/assets/vendor/yt-dlp/yt-dlp
[2025-02-28 12:52:18] [VideoDownloader] Setting executable permission on yt-dlp binary
[2025-02-28 12:52:18] [VideoDownloader] Using yt-dlp binary at: /var/www/html/assets/vendor/yt-dlp/yt-dlp
[2025-02-28 12:52:18] [VideoDownloader] Updated status for video ID 52 to 'processing' with message 'Initializing download...'. Result: success
[2025-02-28 12:52:18] [VideoDownloader] Starting download for video ID 52 from URL: https://nl.pornhub.com/view_video.php?viewkey=67655e3602f62
[2025-02-28 12:52:18] [VideoDownloader] Target file path: /var/www/html/uploads/videos/video_67c1b1827bbc7.mp4
[2025-02-28 12:52:18] [VideoDownloader] Updated status for video ID 52 to 'processing' with message 'Preparing to download video...'. Result: success
[2025-02-28 12:52:18] [VideoDownloader] Found yt-dlp in vendor directory: /var/www/html/assets/vendor/yt-dlp/yt-dlp
[2025-02-28 12:52:18] [VideoDownloader] Setting executable permission on yt-dlp binary
[2025-02-28 12:52:18] [VideoDownloader] Executing direct download command: /var/www/html/assets/vendor/yt-dlp/yt-dlp --format "best[ext=mp4]/best" --max-filesize 500M --output "'/var/www/html/uploads/videos/video_67c1b1827bbc7.mp4'" "'https://nl.pornhub.com/view_video.php?viewkey=67655e3602f62'" --no-playlist
[2025-02-28 12:52:18] [VideoDownloader] Updated status for video ID 52 to 'processing' with message 'Running download command...'. Result: success
[2025-02-28 12:52:18] [VideoDownloader] Command output: /usr/bin/env: 'python3': No such file or directory
[2025-02-28 12:52:18] [VideoDownloader] Return value: 127
[2025-02-28 12:52:19] [VideoDownloader] Direct download failed: Command failed with return code 127: /usr/bin/env: 'python3': No such file or directory
[2025-02-28 12:52:19] [VideoDownloader] Direct download failed: Direct download failed: Command failed with return code 127: /usr/bin/env: 'python3': No such file or directory
[2025-02-28 12:52:19] [VideoDownloader] Creating test file since download failed
[2025-02-28 12:52:19] [VideoDownloader] Created dummy MP4 file at /var/www/html/uploads/videos/video_67c1b1827bbc7.mp4
[2025-02-28 12:52:19] [VideoDownloader] Updated video path for ID 52 to '/uploads/videos/video_67c1b1827bbc7.mp4'. Result: success
[2025-02-28 12:52:19] [VideoDownloader] Updated progress for video ID 52 to 100%. Result: success
[2025-02-28 12:52:19] [VideoDownloader] Updated status for video ID 52 to 'completed' with message 'Download complete (test file created)'. Result: success
[2025-02-28 12:52:20] [VideoDownloader] Added dummy analysis results for video ID 52. Result: success
----
[2025-02-28 12:55:40] [VideoDownloader] VideoDownloader initialized. Upload directory: /var/www/html/uploads/videos/
[2025-02-28 12:55:41] [VideoDownloader] Found yt-dlp in vendor directory: /var/www/html/assets/vendor/yt-dlp/yt-dlp
[2025-02-28 12:55:41] [VideoDownloader] Setting executable permission on yt-dlp binary
[2025-02-28 12:55:41] [VideoDownloader] Using yt-dlp binary at: /var/www/html/assets/vendor/yt-dlp/yt-dlp
[2025-02-28 12:55:41] [VideoDownloader] Updated status for video ID 53 to 'processing' with message 'Initializing download...'. Result: success
[2025-02-28 12:55:41] [VideoDownloader] Starting download for video ID 53 from URL: https://nl.pornhub.com/view_video.php?viewkey=67655e3602f62
[2025-02-28 12:55:41] [VideoDownloader] Target file path: /var/www/html/uploads/videos/video_67c1b24d7aec2.mp4
[2025-02-28 12:55:41] [VideoDownloader] Updated status for video ID 53 to 'processing' with message 'Preparing to download video...'. Result: success
[2025-02-28 12:55:41] [VideoDownloader] Attempting direct cURL download...
[2025-02-28 12:55:42] [VideoDownloader] Updated status for video ID 53 to 'processing' with message 'Downloading video via cURL...'. Result: success
[2025-02-28 12:55:42] [VideoDownloader] Starting cURL download from URL: https://nl.pornhub.com/view_video.php?viewkey=67655e3602f62
[2025-02-28 12:55:42] [VideoDownloader] Attempting to extract video URL from: https://nl.pornhub.com/view_video.php?viewkey=67655e3602f62
[2025-02-28 12:55:43] [VideoDownloader] Extracted direct video URL: https://ev-h.phncdn.com/hls/videos/202412/20/462122821/1080P_4000K_462122821.mp4/master.m3u8?validfrom=1740743745&validto=1740750945&ipa=193.191.158.8&hdl=-1&hash=zePWpK64PvLrZvzu9f1NK5mvVjw%3D
[2025-02-28 12:55:43] [VideoDownloader] cURL download complete: Status 200, Size: 246 bytes, Type: application/vnd.apple.mpegurl
[2025-02-28 12:55:43] [VideoDownloader] cURL download successful: Downloaded 246 bytes
[2025-02-28 12:55:43] [VideoDownloader] Updated video path for ID 53 to '/uploads/videos/video_67c1b24d7aec2.mp4'. Result: success
[2025-02-28 12:55:43] [VideoDownloader] Updated progress for video ID 53 to 100%. Result: success
[2025-02-28 12:55:43] [VideoDownloader] Direct download successful: {"status":"success","message":"Video downloaded successfully via cURL","path":"\/uploads\/videos\/video_67c1b24d7aec2.mp4"}
[2025-02-28 12:55:43] [VideoDownloader] Added dummy analysis results for video ID 53. Result: success
--------------------------------------[2025-02-28 13:03:35] [VideoDownloader] VideoDownloader initialized. Upload directory: /var/www/html/uploads/videos/
[2025-02-28 13:03:36] [VideoDownloader] Found yt-dlp in vendor directory: /var/www/html/assets/vendor/yt-dlp/yt-dlp
[2025-02-28 13:03:36] [VideoDownloader] Setting executable permission on yt-dlp binary
[2025-02-28 13:03:36] [VideoDownloader] Using yt-dlp binary at: /var/www/html/assets/vendor/yt-dlp/yt-dlp
[2025-02-28 13:03:36] [VideoDownloader] Updated status for video ID 54 to 'processing' with message 'Initializing download...'. Result: success
[2025-02-28 13:03:36] [VideoDownloader] Starting download for video ID 54 from URL: https://nl.pornhub.com/view_video.php?viewkey=67655e3602f62
[2025-02-28 13:03:36] [VideoDownloader] Target file path: /var/www/html/uploads/videos/video_67c1b428d061d.mp4
[2025-02-28 13:03:37] [VideoDownloader] Updated status for video ID 54 to 'processing' with message 'Preparing to download video...'. Result: success
[2025-02-28 13:03:37] [VideoDownloader] Attempting direct cURL download...
[2025-02-28 13:03:37] [VideoDownloader] Updated status for video ID 54 to 'processing' with message 'Downloading video via cURL...'. Result: success
[2025-02-28 13:03:37] [VideoDownloader] Starting cURL download from URL: https://nl.pornhub.com/view_video.php?viewkey=67655e3602f62
[2025-02-28 13:03:37] [VideoDownloader] Attempting to extract video URL from: https://nl.pornhub.com/view_video.php?viewkey=67655e3602f62
[2025-02-28 13:03:37] [VideoDownloader] Saved debug HTML to: /var/www/html/uploads/videos/debug_html_67c1b429e085b.txt
[2025-02-28 13:03:37] [VideoDownloader] Extracted direct video URL: https://kv-h.phncdn.com/hls/videos/202412/20/462122821/1080P_4000K_462122821.mp4/master.m3u8?hdnea=st=1740747820~exp=1740751420~hdl=-1~hmac=2ad0a5eb928ddd00077845228febe47baefb9361
[2025-02-28 13:03:37] [VideoDownloader] Handling HLS (m3u8) download from: https://kv-h.phncdn.com/hls/videos/202412/20/462122821/1080P_4000K_462122821.mp4/master.m3u8?hdnea=st=1740747820~exp=1740751420~hdl=-1~hmac=2ad0a5eb928ddd00077845228febe47baefb9361
[2025-02-28 13:03:37] [VideoDownloader] Found yt-dlp in vendor directory: /var/www/html/assets/vendor/yt-dlp/yt-dlp
[2025-02-28 13:03:37] [VideoDownloader] Setting executable permission on yt-dlp binary
[2025-02-28 13:03:37] [VideoDownloader] Setting executable permission on yt-dlp binary
[2025-02-28 13:03:38] [VideoDownloader] Executing yt-dlp command for HLS download: /var/www/html/assets/vendor/yt-dlp/yt-dlp --no-check-certificate --format "best[ext=mp4]/best" --no-playlist --output "'/var/www/html/uploads/videos/video_67c1b428d061d.mp4'" --force-overwrites "file:'/var/www/html/uploads/videos/url_67c1b429f3ea8.txt'"
[2025-02-28 13:03:38] [VideoDownloader] HLS download command output: /usr/bin/env: 'python3': No such file or directory
[2025-02-28 13:03:38] [VideoDownloader] HLS download return value: 127
[2025-02-28 13:03:38] [VideoDownloader] Retrying with direct URL: /var/www/html/assets/vendor/yt-dlp/yt-dlp --no-check-certificate --format "best[ext=mp4]/best" --no-playlist --output "'/var/www/html/uploads/videos/video_67c1b428d061d.mp4'" --force-overwrites "'https://kv-h.phncdn.com/hls/videos/202412/20/462122821/1080P_4000K_462122821.mp4/master.m3u8?hdnea=st=1740747820~exp=1740751420~hdl=-1~hmac=2ad0a5eb928ddd00077845228febe47baefb9361'"
[2025-02-28 13:03:38] [VideoDownloader] Second attempt output: /usr/bin/env: 'python3': No such file or directory
[2025-02-28 13:03:38] [VideoDownloader] Second attempt return value: 127
[2025-02-28 13:03:38] [VideoDownloader] cURL download failed: HLS download failed with code 127: /usr/bin/env: 'python3': No such file or directory
[2025-02-28 13:03:38] [VideoDownloader] Found yt-dlp in vendor directory: /var/www/html/assets/vendor/yt-dlp/yt-dlp
[2025-02-28 13:03:38] [VideoDownloader] Setting executable permission on yt-dlp binary
[2025-02-28 13:03:38] [VideoDownloader] Executing yt-dlp command: /var/www/html/assets/vendor/yt-dlp/yt-dlp --format "best[ext=mp4]/best" --max-filesize 500M --output "'/var/www/html/uploads/videos/video_67c1b428d061d.mp4'" "'https://nl.pornhub.com/view_video.php?viewkey=67655e3602f62'" --no-playlist
[2025-02-28 13:03:38] [VideoDownloader] Updated status for video ID 54 to 'processing' with message 'Running download command...'. Result: success
[2025-02-28 13:03:38] [VideoDownloader] Command output: /usr/bin/env: 'python3': No such file or directory
[2025-02-28 13:03:38] [VideoDownloader] Return value: 127
[2025-02-28 13:03:38] [VideoDownloader] Direct download failed: Command failed with return code 127: /usr/bin/env: 'python3': No such file or directory
[2025-02-28 13:03:38] [VideoDownloader] Direct download failed: Direct download failed: Command failed with return code 127: /usr/bin/env: 'python3': No such file or directory
[2025-02-28 13:03:38] [VideoDownloader] Creating test file since download failed
[2025-02-28 13:03:38] [VideoDownloader] Created dummy MP4 file at /var/www/html/uploads/videos/video_67c1b428d061d.mp4
[2025-02-28 13:03:38] [VideoDownloader] Updated video path for ID 54 to '/uploads/videos/video_67c1b428d061d.mp4'. Result: success
[2025-02-28 13:03:38] [VideoDownloader] Updated progress for video ID 54 to 100%. Result: success
[2025-02-28 13:03:38] [VideoDownloader] Updated status for video ID 54 to 'completed' with message 'Download complete (test file created)'. Result: success
[2025-02-28 13:03:38] [VideoDownloader] Added dummy analysis results for video ID 54. Result: success
---------------------[2025-02-28 13:09:51] [VideoDownloader] VideoDownloader initialized. Upload directory: /var/www/html/uploads/videos/
[2025-02-28 13:09:51] [VideoDownloader] Found yt-dlp in vendor directory: /var/www/html/assets/vendor/yt-dlp/yt-dlp
[2025-02-28 13:09:51] [VideoDownloader] Setting executable permission on yt-dlp binary
[2025-02-28 13:09:51] [VideoDownloader] Using yt-dlp binary at: /var/www/html/assets/vendor/yt-dlp/yt-dlp
[2025-02-28 13:09:52] [VideoDownloader] Updated status for video ID 55 to 'processing' with message 'Initializing download...'. Result: success
[2025-02-28 13:09:52] [VideoDownloader] Starting download for video ID 55 from URL: https://nl.pornhub.com/view_video.php?viewkey=67655e3602f62
[2025-02-28 13:09:52] [VideoDownloader] Target file path: /var/www/html/uploads/videos/video_67c1b5a02e854.mp4
[2025-02-28 13:09:52] [VideoDownloader] Updated status for video ID 55 to 'processing' with message 'Preparing to download video...'. Result: success
[2025-02-28 13:09:52] [VideoDownloader] Attempting direct cURL download...
[2025-02-28 13:09:52] [VideoDownloader] Updated status for video ID 55 to 'processing' with message 'Downloading video via cURL...'. Result: success
[2025-02-28 13:09:52] [VideoDownloader] Starting cURL download from URL: https://nl.pornhub.com/view_video.php?viewkey=67655e3602f62
[2025-02-28 13:09:52] [VideoDownloader] Attempting to extract video URL from: https://nl.pornhub.com/view_video.php?viewkey=67655e3602f62
[2025-02-28 13:09:53] [VideoDownloader] Saved debug HTML to: /var/www/html/uploads/videos/debug_html_67c1b5a10fa9e.txt
[2025-02-28 13:09:53] [VideoDownloader] Extracted direct video URL: https://ev-h.phncdn.com/hls/videos/202412/20/462122821/1080P_4000K_462122821.mp4/master.m3u8?validfrom=1740744595&validto=1740751795&ipa=193.191.158.8&hdl=-1&hash=%2B3IwG%2BhXEhjAPcTgkblYA7cjOjs%3D
[2025-02-28 13:09:53] [VideoDownloader] Handling HLS (m3u8) download from: https://ev-h.phncdn.com/hls/videos/202412/20/462122821/1080P_4000K_462122821.mp4/master.m3u8?validfrom=1740744595&validto=1740751795&ipa=193.191.158.8&hdl=-1&hash=%2B3IwG%2BhXEhjAPcTgkblYA7cjOjs%3D
[2025-02-28 13:09:53] [VideoDownloader] Found yt-dlp in vendor directory: /var/www/html/assets/vendor/yt-dlp/yt-dlp
[2025-02-28 13:09:53] [VideoDownloader] Setting executable permission on yt-dlp binary
[2025-02-28 13:09:53] [VideoDownloader] Setting executable permission on yt-dlp binary
[2025-02-28 13:09:53] [VideoDownloader] Executing yt-dlp command for HLS download: /var/www/html/assets/vendor/yt-dlp/yt-dlp --no-check-certificate --format "best[ext=mp4]/best" --no-playlist --output "'/var/www/html/uploads/videos/video_67c1b5a02e854.mp4'" --force-overwrites "file:'/var/www/html/uploads/videos/url_67c1b5a195c3e.txt'"
[2025-02-28 13:09:53] [VideoDownloader] HLS download command output: /usr/bin/env: 'python3': No such file or directory
[2025-02-28 13:09:53] [VideoDownloader] HLS download return value: 127
[2025-02-28 13:09:53] [VideoDownloader] Retrying with direct URL: /var/www/html/assets/vendor/yt-dlp/yt-dlp --no-check-certificate --format "best[ext=mp4]/best" --no-playlist --output "'/var/www/html/uploads/videos/video_67c1b5a02e854.mp4'" --force-overwrites "'https://ev-h.phncdn.com/hls/videos/202412/20/462122821/1080P_4000K_462122821.mp4/master.m3u8?validfrom=1740744595&validto=1740751795&ipa=193.191.158.8&hdl=-1&hash=%2B3IwG%2BhXEhjAPcTgkblYA7cjOjs%3D'"
[2025-02-28 13:09:53] [VideoDownloader] Second attempt output: /usr/bin/env: 'python3': No such file or directory
[2025-02-28 13:09:53] [VideoDownloader] Second attempt return value: 127
[2025-02-28 13:09:53] [VideoDownloader] yt-dlp failed, will try pure PHP approach
[2025-02-28 13:09:53] [VideoDownloader] Falling back to pure PHP HLS download...
[2025-02-28 13:09:54] [VideoDownloader] Parsing m3u8 content...
[2025-02-28 13:09:54] [VideoDownloader] Found 1 segments in m3u8 file
[2025-02-28 13:09:54] [VideoDownloader] Found 1 video segments to download
[2025-02-28 13:09:54] [VideoDownloader] Starting to download 1 segments
[2025-02-28 13:09:55] [VideoDownloader] Will report progress every 1 segments
[2025-02-28 13:09:56] [VideoDownloader] Downloaded segment 0/1 (100%)
[2025-02-28 13:09:56] [VideoDownloader] Successfully downloaded 1 out of 1 segments
[2025-02-28 13:09:56] [VideoDownloader] Total downloaded size: 20715 bytes
[2025-02-28 13:09:56] [VideoDownloader] cURL download successful: Downloaded and concatenated 1 segments, total size: 20715 bytes
[2025-02-28 13:09:56] [VideoDownloader] Updated video path for ID 55 to '/uploads/videos/video_67c1b5a02e854.mp4'. Result: success
[2025-02-28 13:09:56] [VideoDownloader] Updated progress for video ID 55 to 100%. Result: success
[2025-02-28 13:09:56] [VideoDownloader] Direct download successful: {"status":"success","message":"Video downloaded successfully via cURL","path":"\/uploads\/videos\/video_67c1b5a02e854.mp4"}
[2025-02-28 13:09:56] [VideoDownloader] Added dummy analysis results for video ID 55. Result: success
