[2025-03-03T13:55:32.122723+00:00] video_downloader.INFO: Starting download process for URL: https://nl.pornhub.com/view_video.php?viewkey=6697a0066f68d [] []
[2025-03-03T13:55:32.125608+00:00] video_downloader.INFO: Using binary at: /var/www/html/vendor/yt-dlp_linux [] []
[2025-03-03T14:16:03.873462+00:00] video_downloader.INFO: Starting download process for URL: https://nl.pornhub.com/view_video.php?viewkey=6697a0066f68d [] []
[2025-03-03T14:16:03.875753+00:00] video_downloader.INFO: Using binary at: /var/www/html/vendor/yt-dlp_linux [] []
[2025-03-03T14:16:03.994569+00:00] video_downloader.INFO: Starting download with options {"format":"best[height<=720]","output":"%(id)s.%(ext)s","download_path":"/var/www/html/storage/uploads/videos"} []
[2025-03-03T14:16:50.640356+00:00] video_downloader.INFO: Download completed successfully {"file_path":"/var/www/html/storage/uploads/videos/6697a0066f68d.mp4"} []
[2025-03-03T14:34:20.534221+00:00] video_downloader.INFO: Starting download process for URL: https://nl.pornhub.com/view_video.php?viewkey=6697a0066f68d [] []
[2025-03-03T14:34:20.536371+00:00] video_downloader.INFO: Using binary at: /var/www/html/vendor/yt-dlp_linux [] []
[2025-03-03T14:34:20.860874+00:00] video_downloader.ERROR: General error: Providing download path via `output` option is prohibited. Set the download path when creating Options object or calling `downloadPath` method. [] []
[2025-03-03T14:48:06.511459+00:00] video_downloader.INFO: Starting download process for URL: https://nl.pornhub.com/view_video.php?viewkey=6697a0066f68d [] []
[2025-03-03T14:48:06.513722+00:00] video_downloader.INFO: Using binary at: /var/www/html/vendor/yt-dlp_linux [] []
[2025-03-03T14:48:06.822315+00:00] video_downloader.INFO: Starting download with progress tracking [] []
[2025-03-03T14:56:22.882005+00:00] video_downloader.INFO: Starting download process for URL: https://nl.pornhub.com/view_video.php?viewkey=6697a0066f68d [] []
[2025-03-03T14:56:22.884108+00:00] video_downloader.INFO: Using binary at: /var/www/html/vendor/yt-dlp_linux [] []
[2025-03-03T14:56:22.979043+00:00] video_downloader.INFO: Starting download with options {"format":"best[height<=720]","output":"%(id)s.%(ext)s","download_path":"/var/www/html/storage/uploads/videos"} []
[2025-03-03T14:56:27.443197+00:00] video_downloader.INFO: Download completed successfully {"file_path":{"SplFileInfo":"/var/www/html/storage/uploads/videos/6697a0066f68d.mp4"}} []
--------------
[2025-03-03T14:57:32.666175+00:00] video_downloader.INFO: Starting download process for URL: https://nl.pornhub.com/view_video.php?viewkey=6697a0066f68d [] []
[2025-03-03T14:57:32.668428+00:00] video_downloader.INFO: Using binary at: /var/www/html/vendor/yt-dlp_linux [] []
[2025-03-03T14:57:32.765786+00:00] video_downloader.INFO: Starting download with options {"format":"best[height<=720]","output":"%(id)s.%(ext)s","download_path":"/var/www/html/storage/uploads/videos"} []
[2025-03-03T14:57:37.182097+00:00] video_downloader.INFO: Download completed successfully {"file_path":{"SplFileInfo":"/var/www/html/storage/uploads/videos/6697a0066f68d.mp4"}} []
---[2025-03-03T14:58:40.519179+00:00] video_downloader.INFO: Starting download process for URL: https://nl.pornhub.com/view_video.php?viewkey=6697a0066f68d [] []
[2025-03-03T14:58:40.521504+00:00] video_downloader.INFO: Using binary at: /var/www/html/vendor/yt-dlp_linux [] []
[2025-03-03T14:58:40.627675+00:00] video_downloader.INFO: Starting download with options {"format":"best[height<=720]","output":"%(id)s.%(ext)s","download_path":"/var/www/html/storage/uploads/videos"} []
[2025-03-03T14:59:31.847548+00:00] video_downloader.INFO: Download completed successfully {"file_path":{"SplFileInfo":"/var/www/html/storage/uploads/videos/6697a0066f68d.mp4"}} []
[2025-03-03T15:11:08.387428+00:00] video_downloader.INFO: Starting download process for URL: https://nl.pornhub.com/view_video.php?viewkey=ph5d70003f4a4fd [] []
[2025-03-03T15:11:08.389532+00:00] video_downloader.INFO: Using binary at: /var/www/html/vendor/yt-dlp_linux [] []
[2025-03-03T15:11:08.390698+00:00] video_downloader.INFO: Using custom filename format {"format":"video_81_ph5d70003f4a4fd_67c5c68c5f621.%(ext)s","video_id":"81","viewkey":"ph5d70003f4a4fd","unique_id":"67c5c68c5f621"} []
[2025-03-03T15:11:08.501548+00:00] video_downloader.ERROR: General error: Providing download path via `output` option is prohibited. Set the download path when creating Options object or calling `downloadPath` method. [] []
[2025-03-03T15:13:46.850995+00:00] video_downloader.INFO: Starting download process for URL: https://nl.pornhub.com/view_video.php?viewkey=6697a0066f68d [] []
[2025-03-03T15:13:46.853232+00:00] video_downloader.INFO: Using binary at: /var/www/html/vendor/yt-dlp_linux [] []
[2025-03-03T15:13:46.854495+00:00] video_downloader.INFO: Using custom filename format {"format":"video_82_6697a0066f68d_67c5c72ad09d6","video_id":"82","viewkey":"6697a0066f68d","unique_id":"67c5c72ad09d6"} []
[2025-03-03T15:13:46.952043+00:00] video_downloader.INFO: Starting download with options {"format":"best[height<=720]","output":"video_82_6697a0066f68d_67c5c72ad09d6","download_path":"/var/www/html/storage/uploads/videos"} []
[2025-03-03T15:14:56.955049+00:00] video_downloader.INFO: Download completed successfully {"file_path":{"SplFileInfo":"/var/www/html/storage/uploads/videos/video_82_6697a0066f68d_67c5c72ad09d6"}} []
[2025-03-03T15:17:15.507785+00:00] video_downloader.INFO: Starting download process for URL: https://nl.pornhub.com/view_video.php?viewkey=6697a0066f68d [] []
[2025-03-03T15:17:15.510022+00:00] video_downloader.INFO: Using binary at: /var/www/html/vendor/yt-dlp_linux [] []
[2025-03-03T15:17:15.511031+00:00] video_downloader.INFO: Using custom filename format {"format":"video_83_6697a0066f68d_67c5c7fb7cc2f.%(ext)s","video_id":"83","viewkey":"6697a0066f68d","unique_id":"67c5c7fb7cc2f"} []
[2025-03-03T15:17:15.589610+00:00] video_downloader.INFO: Starting download with options {"format":"best[height<=720]","output":"video_83_6697a0066f68d_67c5c7fb7cc2f.%(ext)s","download_path":"/var/www/html/storage/uploads/videos"} []
[2025-03-03T15:18:20.036226+00:00] video_downloader.INFO: Download completed successfully {"file_path":{"SplFileInfo":"/var/www/html/storage/uploads/videos/video_83_6697a0066f68d_67c5c7fb7cc2f.mp4"}} []
